<?xml version="1.0" encoding="UTF-8"?>
<!-- Generated by org.testng.reporters.JUnitReportReporter -->
<testsuite hostname="LAPTOP-AVDURLCL" failures="0" tests="1" name="stqa.Assertions_testng" time="3.198" errors="0" timestamp="2022-12-07T00:19:30 IST" skipped="0">
  <testcase classname="stqa.Assertions_testng" name="assertOrange" time="3.198"/>
  <system-out/>
</testsuite> <!-- stqa.Assertions_testng -->
