<?xml version="1.0" encoding="UTF-8"?>
<!-- Generated by org.testng.reporters.JUnitReportReporter -->
<testsuite hostname="DESKTOP-809VSMB" failures="0" tests="1" name="stqa.prac15" time="6.553" errors="0" timestamp="2022-12-06T20:01:49 IST" skipped="0">
  <testcase classname="stqa.prac15" name="assertOrange" time="6.553"/>
  <system-out/>
</testsuite> <!-- stqa.prac15 -->
