<?xml version="1.0" encoding="UTF-8"?>
<!-- Generated by org.testng.reporters.JUnitReportReporter -->
<testsuite hostname="LAPTOP-AVDURLCL" failures="0" tests="2" name="stqa.prac14" time="0.032" errors="0" timestamp="2022-12-07T00:17:42 IST" skipped="0">
  <testcase classname="stqa.prac14" name="secondTest" time="0.026"/>
  <system-out/>
  <testcase classname="stqa.prac14" name="firstTest" time="0.006"/>
  <system-out/>
</testsuite> <!-- stqa.prac14 -->
